java-android/app/build/outputs/apk/manifest-merger-debug-report.txt
-- Merging decision tree log ---
manifest
ADDED from AndroidManifest.xml:2:1
	package
		ADDED from AndroidManifest.xml:3:5
		INJECTED from AndroidManifest.xml:0:0
		INJECTED from AndroidManifest.xml:0:0
	android:versionName
		ADDED from AndroidManifest.xml:5:5
	android:versionCode
		ADDED from AndroidManifest.xml:4:5
		INJECTED from AndroidManifest.xml:0:0
		INJECTED from AndroidManifest.xml:0:0
	xmlns:android
		ADDED from AndroidManifest.xml:2:11
uses-sdk
ADDED from AndroidManifest.xml:7:5
	android:targetSdkVersion
		ADDED from AndroidManifest.xml:9:9
		INJECTED from AndroidManifest.xml:0:0
		INJECTED from AndroidManifest.xml:0:0
	android:minSdkVersion
		ADDED from AndroidManifest.xml:8:9
		INJECTED from AndroidManifest.xml:0:0
		INJECTED from AndroidManifest.xml:0:0
uses-permission#android.permission.BLUETOOTH
ADDED from AndroidManifest.xml:10:5
	android:name
		ADDED from AndroidManifest.xml:10:22
uses-permission#android.permission.BLUETOOTH_ADMIN
ADDED from AndroidManifest.xml:11:5
	android:name
		ADDED from AndroidManifest.xml:11:22
uses-permission#android.permission.WAKE_LOCK
ADDED from AndroidManifest.xml:12:5
	android:name
		ADDED from AndroidManifest.xml:12:22
application
ADDED from AndroidManifest.xml:14:5
	android:label
		ADDED from AndroidManifest.xml:17:9
	android:allowBackup
		ADDED from AndroidManifest.xml:15:9
	android:icon
		ADDED from AndroidManifest.xml:16:9
	android:description
		ADDED from AndroidManifest.xml:18:41
	android:theme
		ADDED from AndroidManifest.xml:18:9
activity#com.trentseed.bmw_rpi_ibus_controller.ActivityMain
ADDED from AndroidManifest.xml:19:9
	android:screenOrientation
		ADDED from AndroidManifest.xml:21:46
	android:label
		ADDED from AndroidManifest.xml:21:13
	android:theme
		ADDED from AndroidManifest.xml:22:13
	android:name
		ADDED from AndroidManifest.xml:20:13
intent-filter#android.intent.action.MAIN+android.intent.category.LAUNCHER
ADDED from AndroidManifest.xml:23:13
action#android.intent.action.MAIN
ADDED from AndroidManifest.xml:24:17
	android:name
		ADDED from AndroidManifest.xml:24:25
category#android.intent.category.LAUNCHER
ADDED from AndroidManifest.xml:26:17
	android:name
		ADDED from AndroidManifest.xml:26:27
intent-filter#android.hardware.usb.action.USB_ACCESSORY_ATTACHED
ADDED from AndroidManifest.xml:28:13
action#android.hardware.usb.action.USB_ACCESSORY_ATTACHED
ADDED from AndroidManifest.xml:29:17
	android:name
		ADDED from AndroidManifest.xml:29:25
meta-data#android.hardware.usb.action.USB_ACCESSORY_ATTACHED
ADDED from AndroidManifest.xml:32:13
	android:resource
		ADDED from AndroidManifest.xml:34:17
	android:name
		ADDED from AndroidManifest.xml:33:17
activity#com.trentseed.bmw_rpi_ibus_controller.ActivityIBUS
ADDED from AndroidManifest.xml:36:9
	android:screenOrientation
		ADDED from AndroidManifest.xml:36:48
	android:theme
		ADDED from AndroidManifest.xml:37:13
	android:name
		ADDED from AndroidManifest.xml:36:19
activity#com.trentseed.bmw_rpi_ibus_controller.ActivityRadio
ADDED from AndroidManifest.xml:38:9
	android:screenOrientation
		ADDED from AndroidManifest.xml:38:49
	android:theme
		ADDED from AndroidManifest.xml:39:13
	android:name
		ADDED from AndroidManifest.xml:38:19
activity#com.trentseed.bmw_rpi_ibus_controller.ActivityStatus
ADDED from AndroidManifest.xml:40:9
	android:screenOrientation
		ADDED from AndroidManifest.xml:40:50
	android:theme
		ADDED from AndroidManifest.xml:41:13
	android:name
		ADDED from AndroidManifest.xml:40:19
activity#com.trentseed.bmw_rpi_ibus_controller.ActivityWindows
ADDED from AndroidManifest.xml:42:9
	android:screenOrientation
		ADDED from AndroidManifest.xml:42:51
	android:theme
		ADDED from AndroidManifest.xml:43:13
	android:name
		ADDED from AndroidManifest.xml:42:19